<?xml version="1.0" encoding="UTF-8"?>
<!-- Generated by org.testng.reporters.JUnitReportReporter -->
<testsuite name="testCases.CreateAccount" tests="1" time="10.750" ignored="0" failures="0" timestamp="27 Apr 2017 12:54:20 GMT" skipped="0" hostname="DESKTOP-NLE48NB" errors="0">
  <testcase name="createAccSubmit" time="10.750" classname="testCases.CreateAccount"/>
</testsuite> <!-- testCases.CreateAccount -->
